Processing line 0
Processing line 1
Processing line 2
Processing line 3
Processing line 4
Processing line 5
Processing line 6
Processing line 7
Processing line 8
Processing line 9
Processing line 10
Processing line 11
Processing line 12
Processing line 13
Processing line 14
Processing line 15
Processing line 16
Processing line 17
Processing line 18
Processing line 19
Processing line 20
Processing line 21
Processing line 22
Processing line 23
Processing line 24
Processing line 25
Processing line 26
Processing line 27
Processing line 28
Processing line 29
Processing line 30
Processing line 31
Processing line 32
Processing line 33
Processing line 34
Processing line 35
Processing line 36
Processing line 37
Processing line 38
Processing line 39
Processing line 40
Processing line 41
Processing line 42
Processing line 43
Processing line 44
Processing line 45
Processing line 46
Processing line 47
Processing line 48
Processing line 49
Processing line 50
Processing line 51
Processing line 52
Processing line 53
Processing line 54
Processing line 55
Processing line 56
Processing line 57
Processing line 58
Processing line 59
Processing line 60
Processing line 61
Processing line 62
Processing line 63
Processing line 64
Processing line 65
Processing line 66
Processing line 67
Processing line 68
Processing line 69
Processing line 70
Processing line 71
Processing line 72
Processing line 73
Processing line 74
Processing line 75
Processing line 76
Processing line 77
Processing line 78
Processing line 79
Processing line 80
Processing line 81
Processing line 82
Processing line 83
Processing line 84
Processing line 85
Processing line 86
Processing line 87
Processing line 88
Processing line 89
Processing line 90
Processing line 91
Processing line 92
Processing line 93
Processing line 94
Processing line 95
Processing line 96
Processing line 97
Processing line 98
Processing line 99
Processing line 100
Processing line 101
Processing line 102
Processing line 103
Processing line 104
Processing line 105
Processing line 106
Processing line 107
Processing line 108
Processing line 109
Processing line 110
Processing line 111
Processing line 112
Processing line 113
Processing line 114
Processing line 115
Processing line 116
Processing line 117
Processing line 118
Processing line 119
Processing line 120
Processing line 121
Processing line 122
Processing line 123
Processing line 124
Processing line 125
Processing line 126
Processing line 127
Processing line 128
Processing line 129
Processing line 130
Processing line 131
Processing line 132
Processing line 133
Processing line 134
Processing line 135
Processing line 136
Processing line 137
Processing line 138
Processing line 139
Processing line 140
Processing line 141
Processing line 142
Processing line 143
Processing line 144
Processing line 145
Processing line 146
Processing line 147
Processing line 148
Processing line 149
Processing line 150
Processing line 151
Processing line 152
Processing line 153
Processing line 154
Processing line 155
Processing line 156
Processing line 157
Processing line 158
Processing line 159
Processing line 160
Processing line 161
Processing line 162
Processing line 163
Processing line 164
Processing line 165
Processing line 166
Processing line 167
Processing line 168
Processing line 169
Processing line 170
Processing line 171
Processing line 172
Processing line 173
Processing line 174
Processing line 175
Processing line 176
Processing line 177
Processing line 178
Processing line 179
Processing line 180
Processing line 181
Processing line 182
Processing line 183
Processing line 184
Processing line 185
Processing line 186
Processing line 187
Processing line 188
Processing line 189
Processing line 190
Processing line 191
Processing line 192
Processing line 193
Processing line 194
Processing line 195
Processing line 196
Processing line 197
Processing line 198
Processing line 199
Processing line 200
Processing line 201
Processing line 202
Processing line 203
Processing line 204
Processing line 205
Processing line 206
Processing line 207
Processing line 208
Processing line 209
Processing line 210
Processing line 211
Processing line 212
Processing line 213
Processing line 214
Processing line 215
Processing line 216
Processing line 217
Processing line 218
Processing line 219
Processing line 220
Processing line 221
Processing line 222
Processing line 223
Processing line 224
Processing line 225
Processing line 226
Processing line 227
Processing line 228
Processing line 229
Processing line 230
Processing line 231
Processing line 232
Processing line 233
Processing line 234
Processing line 235
Processing line 236
Processing line 237
Processing line 238
Processing line 239
Processing line 240
Processing line 241
Processing line 242
Processing line 243
Processing line 244
Processing line 245
Processing line 246
Processing line 247
Processing line 248
Processing line 249
Processing line 250
Processing line 251
Processing line 252
Processing line 253
Processing line 254
Processing line 255
Processing line 256
Processing line 257
Processing line 258
Processing line 259
Processing line 260
Processing line 261
Processing line 262
Processing line 263
Processing line 264
Processing line 265
Processing line 266
Processing line 267
Processing line 268
Processing line 269
Processing line 270
Processing line 271
Processing line 272
Processing line 273
Processing line 274
Processing line 275
Processing line 276
Processing line 277
Processing line 278
Processing line 279
Processing line 280
Processing line 281
Processing line 282
Processing line 283
Processing line 284
Processing line 285
Processing line 286
Processing line 287
Processing line 288
Processing line 289
Processing line 290
Processing line 291
Processing line 292
Processing line 293
Processing line 294
Processing line 295
Processing line 296
Processing line 297
Processing line 298
Processing line 299
Processing line 300
Processing line 301
Processing line 302
Processing line 303
Processing line 304
Processing line 305
Processing line 306
Processing line 307
Processing line 308
Processing line 309
Processing line 310
Processing line 311
Processing line 312
Processing line 313
Processing line 314
Processing line 315
Processing line 316
Processing line 317
Processing line 318
Processing line 319
Processing line 320
Processing line 321
Processing line 322
Processing line 323
Processing line 324
Processing line 325
Processing line 326
Processing line 327
Processing line 328
Processing line 329
Processing line 330
Processing line 331
Processing line 332
Processing line 333
Processing line 334
Processing line 335
Processing line 336
Processing line 337
Processing line 338
Processing line 339
Processing line 340
Processing line 341
Processing line 342
Processing line 343
Processing line 344
Processing line 345
Processing line 346
Processing line 347
Processing line 348
Processing line 349
Processing line 350
Processing line 351
Processing line 352
Processing line 353
Processing line 354
Processing line 355
Processing line 356
Processing line 357
Processing line 358
Processing line 359
Processing line 360
Processing line 361
Processing line 362
Processing line 363
Processing line 364
Processing line 365
Processing line 366
Processing line 367
Processing line 368
Processing line 369
Processing line 370
Processing line 371
Processing line 372
Processing line 373
Processing line 374
Processing line 375
Processing line 376
Processing line 377
Processing line 378
Processing line 379
Processing line 380
Processing line 381
Processing line 382
Processing line 383
Processing line 384
Processing line 385
Processing line 386
Processing line 387
Processing line 388
Processing line 389
Processing line 390
Processing line 391
Processing line 392
Processing line 393
Processing line 394
Processing line 395
Processing line 396
Processing line 397
XML creating for Assembly 117167-REV3-REI Revision 3_2
XML creating for Internal Part Number ALERTS
Done
XML creating for Internal Part Number STN-117167-REV3
Done
XML creating for Internal Part Number IREI-10-025-DWG
Done
XML creating for Internal Part Number 402-482-001-SCH-REI
Done
XML creating for Internal Part Number TST-7692
Done
XML creating for Internal Part Number 117167-BOM-REI
Done
XML creating for Internal Part Number 117167-PPS-REI
Done
XML creating for Internal Part Number 117167-REV3
Done
XML creating for Internal Part Number CRCW04020000Z0ED
Done
XML creating for Internal Part Number CRCW04020000Z0ED
Done
XML creating for Internal Part Number CRCW04020000Z0ED
Done
XML creating for Internal Part Number CRCW04020000Z0ED
Done
XML creating for Internal Part Number CRCW04020000Z0ED
Done
XML creating for Internal Part Number CRCW04020000Z0ED
Done
XML creating for Internal Part Number CRCW04021K00FKED
Done
XML creating for Internal Part Number CRCW04021K00FKED
Done
XML creating for Internal Part Number CRCW04021K00FKED
Done
XML creating for Internal Part Number CRCW04021K00FKED
Done
XML creating for Internal Part Number CRCW04021K21FKED
Done
XML creating for Internal Part Number CRCW04021K21FKED
Done
XML creating for Internal Part Number CRCW04021K27FKED
Done
XML creating for Internal Part Number CRCW04021K50FKED
Done
XML creating for Internal Part Number CRCW04021K50FKED
Done
XML creating for Internal Part Number CRCW04021K50FKED
Done
XML creating for Internal Part Number CRCW0402100RFKED
Done
XML creating for Internal Part Number CRCW0402100RFKED
Done
XML creating for Internal Part Number CRCW0402100KFKED
Done
XML creating for Internal Part Number CRCW0402100KFKED
Done
XML creating for Internal Part Number CRCW040210K0FKED
Done
XML creating for Internal Part Number CRCW040210K0FKED
Done
XML creating for Internal Part Number CRCW040210K0FKED
Done
XML creating for Internal Part Number CRCW040210K0FKED
Done
XML creating for Internal Part Number CRCW040210K0FKED
Done
XML creating for Internal Part Number CRCW040210K0FKED
Done
XML creating for Internal Part Number CRCW040210K0FKED
Done
XML creating for Internal Part Number CRCW040210K0FKED
Done
XML creating for Internal Part Number CRCW040210K0FKED
Done
XML creating for Internal Part Number CRCW040210K0FKED
Done
XML creating for Internal Part Number CRCW040210K0FKED
Done
XML creating for Internal Part Number CRCW040210K0FKED
Done
XML creating for Internal Part Number CRCW040210K0FKED
Done
XML creating for Internal Part Number CRCW040210K0FKED
Done
XML creating for Internal Part Number CRCW040210K0FKED
Done
XML creating for Internal Part Number CRCW040210K0FKED
Done
XML creating for Internal Part Number CRCW040210K0FKED
Done
XML creating for Internal Part Number CRCW040210K0FKED
Done
XML creating for Internal Part Number CRCW040210K0FKED
Done
XML creating for Internal Part Number CRCW040210K0FKED
Done
XML creating for Internal Part Number CRCW040210K0FKED
Done
XML creating for Internal Part Number CRCW040210K0FKED
Done
XML creating for Internal Part Number CRCW040210K0FKED
Done
XML creating for Internal Part Number CRCW040210K0FKED
Done
XML creating for Internal Part Number CRCW040210K0FKED
Done
XML creating for Internal Part Number CRCW040210K0FKED
Done
XML creating for Internal Part Number CRCW040210K0FKED
Done
XML creating for Internal Part Number CRCW040210K0FKED
Done
XML creating for Internal Part Number CRCW040210K0FKED
Done
XML creating for Internal Part Number CRCW040210K0FKED
Done
XML creating for Internal Part Number CRCW040210K0FKED
Done
XML creating for Internal Part Number CRCW040210K0FKED
Done
XML creating for Internal Part Number CRCW0402113RFKED
Done
XML creating for Internal Part Number CRCW0402120KFKED
Done
XML creating for Internal Part Number CRCW0402174KFKED
Done
XML creating for Internal Part Number CRCW04022K10FKED
Done
XML creating for Internal Part Number CRCW04022K10FKED
Done
XML creating for Internal Part Number CRCW04022K10FKED
Done
XML creating for Internal Part Number CRCW04022K87FKED
Done
XML creating for Internal Part Number CRCW0402220KFKED
Done
XML creating for Internal Part Number CRCW040222K0FKED
Done
XML creating for Internal Part Number CRCW04023K40FKED
Done
XML creating for Internal Part Number CRCW040233K2FKED
Done
XML creating for Internal Part Number CRCW040233K2FKED
Done
XML creating for Internal Part Number CRCW040233K2FKED
Done
XML creating for Internal Part Number CRCW040233K2FKED
Done
XML creating for Internal Part Number CRCW0402340KFKED
Done
XML creating for Internal Part Number CRCW04024K87FKED
Done
XML creating for Internal Part Number CRCW040247K0FKED
Done
XML creating for Internal Part Number CRCW0402511RFKED
Done
XML creating for Internal Part Number CRCW0402511RFKED
Done
XML creating for Internal Part Number CRCW040253K6FKED
Done
XML creating for Internal Part Number CRCW0402590RFKED
Done
XML creating for Internal Part Number CRCW04026K19FKED
Done
XML creating for Internal Part Number CRCW0402634RFKED
Done
XML creating for Internal Part Number CRCW0402750RFKED
Done
XML creating for Internal Part Number 04025A101JAT2A
Done
XML creating for Internal Part Number GRM1555C1H102JA01D
Done
XML creating for Internal Part Number GRM1555C1H102JA01D
Done
XML creating for Internal Part Number GRM155R71H103KA88D
Done
XML creating for Internal Part Number GRM155R71H103KA88D
Done
XML creating for Internal Part Number GRM155R71H103KA88D
Done
XML creating for Internal Part Number GRM155R71H103KA88D
Done
XML creating for Internal Part Number GRM155R71H103KA88D
Done
XML creating for Internal Part Number GRM155R71C104KA88D
Done
XML creating for Internal Part Number GRM155R71C104KA88D
Done
XML creating for Internal Part Number GRM155R71C104KA88D
Done
XML creating for Internal Part Number GRM155R71C104KA88D
Done
XML creating for Internal Part Number GRM155R71C104KA88D
Done
XML creating for Internal Part Number GRM155R71C104KA88D
Done
XML creating for Internal Part Number GRM155R71C104KA88D
Done
XML creating for Internal Part Number GRM155R71C104KA88D
Done
XML creating for Internal Part Number GRM155R71C104KA88D
Done
XML creating for Internal Part Number GRM155R71C104KA88D
Done
XML creating for Internal Part Number GRM155R71C104KA88D
Done
XML creating for Internal Part Number GRM155R71C104KA88D
Done
XML creating for Internal Part Number GRM155R71C104KA88D
Done
XML creating for Internal Part Number GRM155R71C104KA88D
Done
XML creating for Internal Part Number GRM155R71C104KA88D
Done
XML creating for Internal Part Number GRM155R71C104KA88D
Done
XML creating for Internal Part Number C0402C120K4GACTU
Done
XML creating for Internal Part Number C0402C120K4GACTU
Done
XML creating for Internal Part Number CC0402JRNP09BN150
Done
XML creating for Internal Part Number CC0402JRNP09BN150
Done
XML creating for Internal Part Number CC0402JRNP09BN150
Done
XML creating for Internal Part Number GRM155R71H223KA12D
Done
XML creating for Internal Part Number 04025C391KAT2A
Done
XML creating for Internal Part Number GRM1555C1H470JA01D
Done
XML creating for Internal Part Number GRM1555C1H560JA01D
Done
XML creating for Internal Part Number GRM155R71H682KA88D
Done
XML creating for Internal Part Number GRM1555C1H821JA01D
Done
XML creating for Internal Part Number C0603C104K5RAC-7800
Done
XML creating for Internal Part Number C0603C104K5RAC-7800
Done
XML creating for Internal Part Number C0603C104K5RAC-7800
Done
XML creating for Internal Part Number C0603C104K5RAC-7800
Done
XML creating for Internal Part Number C0603C104K5RAC-7800
Done
XML creating for Internal Part Number C0603C104K5RAC-7800
Done
XML creating for Internal Part Number C0603C104K5RAC-7800
Done
XML creating for Internal Part Number C0603C104K5RAC-7800
Done
XML creating for Internal Part Number C0603C104K5RAC-7800
Done
XML creating for Internal Part Number C0603C104K5RAC-7800
Done
XML creating for Internal Part Number C0603C104K5RAC-7800
Done
XML creating for Internal Part Number C0603C104K5RAC-7800
Done
XML creating for Internal Part Number C0603C104K5RAC-7800
Done
XML creating for Internal Part Number C0603C104K5RAC-7800
Done
XML creating for Internal Part Number C0603C104K5RAC-7800
Done
XML creating for Internal Part Number C0603C104K5RAC-7800
Done
XML creating for Internal Part Number C0603C104K5RAC-7800
Done
XML creating for Internal Part Number C0603C104K5RAC-7800
Done
XML creating for Internal Part Number C1608X7R1E105K080AB
Done
XML creating for Internal Part Number GRM1885C1H182JA01D
Done
XML creating for Internal Part Number C1608X7R1H224K080AB
Done
XML creating for Internal Part Number C1608X7R1H224K080AB
Done
XML creating for Internal Part Number C1608X7R1H224K080AB
Done
XML creating for Internal Part Number C1608X7R1H224K080AB
Done
XML creating for Internal Part Number C1608X7R1H224K080AB
Done
XML creating for Internal Part Number GRM1885C1H392JA01D
Done
XML creating for Internal Part Number GRM188R71H472KA01D
Done
XML creating for Internal Part Number GRM188R71H472KA01D
Done
XML creating for Internal Part Number CRCW08050000Z0EA
Done
XML creating for Internal Part Number CRCW080510R0FKEAHP
Done
XML creating for Internal Part Number CRCW080510R0FKEAHP
Done
XML creating for Internal Part Number GRM21BR71H105KA12L
Done
XML creating for Internal Part Number GRM21BR71H105KA12L
Done
XML creating for Internal Part Number GRM21BR71H105KA12L
Done
XML creating for Internal Part Number GRM21BR71H105KA12L
Done
XML creating for Internal Part Number GRM21BR71H105KA12L
Done
XML creating for Internal Part Number GRM21BR71H105KA12L
Done
XML creating for Internal Part Number GRM21BR71H105KA12L
Done
XML creating for Internal Part Number GRM21BR71H105KA12L
Done
XML creating for Internal Part Number GRM21BR71H105KA12L
Done
XML creating for Internal Part Number GRM21BR71H105KA12L
Done
XML creating for Internal Part Number GRM21BR71H105KA12L
Done
XML creating for Internal Part Number GRM21BR71H105KA12L
Done
XML creating for Internal Part Number GRM21BR71H105KA12L
Done
XML creating for Internal Part Number GRM21BR71H105KA12L
Done
XML creating for Internal Part Number GRM21BR71H105KA12L
Done
XML creating for Internal Part Number GRM21BR71H105KA12L
Done
XML creating for Internal Part Number GRM21BR71H105KA12L
Done
XML creating for Internal Part Number GRM21BR71H105KA12L
Done
XML creating for Internal Part Number GRM21BR71H105KA12L
Done
XML creating for Internal Part Number GRM21BR71H105KA12L
Done
XML creating for Internal Part Number GRM21BR71H105KA12L
Done
XML creating for Internal Part Number GRM21BR71H105KA12L
Done
XML creating for Internal Part Number GRM21BR71H105KA12L
Done
XML creating for Internal Part Number GRM21BR71H105KA12L
Done
XML creating for Internal Part Number GRM21BR71H105KA12L
Done
XML creating for Internal Part Number GRM21BR71H105KA12L
Done
XML creating for Internal Part Number GRM21BR71H105KA12L
Done
XML creating for Internal Part Number GRM21BR71H105KA12L
Done
XML creating for Internal Part Number GRM21BR71H105KA12L
Done
XML creating for Internal Part Number GRM21BR71H105KA12L
Done
XML creating for Internal Part Number GRM21BR71H105KA12L
Done
XML creating for Internal Part Number GRM21BR71H105KA12L
Done
XML creating for Internal Part Number GRM21BR71H105KA12L
Done
XML creating for Internal Part Number GRM21BR71H105KA12L
Done
XML creating for Internal Part Number GRM21BR71H105KA12L
Done
XML creating for Internal Part Number GRM21BR71H105KA12L
Done
XML creating for Internal Part Number GRM21BR71H105KA12L
Done
XML creating for Internal Part Number GRM21BR71H105KA12L
Done
XML creating for Internal Part Number GRM21BR71H105KA12L
Done
XML creating for Internal Part Number GRM21BR71H105KA12L
Done
XML creating for Internal Part Number 08055C223KAT2A
Done
XML creating for Internal Part Number 08055C223KAT2A
Done
XML creating for Internal Part Number 08055C474KAT2A
Done
XML creating for Internal Part Number C3216X5R1H106K160AB
Done
XML creating for Internal Part Number GRM32DR71E106KA12L
Done
XML creating for Internal Part Number GRM32DR71E106KA12L
Done
XML creating for Internal Part Number GRM32ER71H106KA12L
Done
XML creating for Internal Part Number GRM32ER71H106KA12L
Done
XML creating for Internal Part Number GRM32ER71H106KA12L
Done
XML creating for Internal Part Number GRM32ER71H106KA12L
Done
XML creating for Internal Part Number TMK325B7226MM-TR
Done
XML creating for Internal Part Number TMK325B7226MM-TR
Done
XML creating for Internal Part Number TMK325B7226MM-TR
Done
XML creating for Internal Part Number TMK325B7226MM-TR
Done
XML creating for Internal Part Number TMK325B7226MM-TR
Done
XML creating for Internal Part Number TMK325B7226MM-TR
Done
XML creating for Internal Part Number TMK325B7226MM-TR
Done
XML creating for Internal Part Number TMK325B7226MM-TR
Done
XML creating for Internal Part Number TMK325B7226MM-TR
Done
XML creating for Internal Part Number TMK325B7226MM-TR
Done
XML creating for Internal Part Number TMK325B7226MM-TR
Done
XML creating for Internal Part Number TMK325B7226MM-TR
Done
XML creating for Internal Part Number TMK325B7226MM-TR
Done
XML creating for Internal Part Number TMK325B7226MM-TR
Done
XML creating for Internal Part Number TMK325B7226MM-TR
Done
XML creating for Internal Part Number TMK325B7226MM-TR
Done
XML creating for Internal Part Number TMK325B7226MM-TR
Done
XML creating for Internal Part Number TMK325B7226MM-TR
Done
XML creating for Internal Part Number TMK325B7226MM-TR
Done
XML creating for Internal Part Number TMK325B7226MM-TR
Done
XML creating for Internal Part Number TMK325B7226MM-TR
Done
XML creating for Internal Part Number TMK325B7226MM-TR
Done
XML creating for Internal Part Number TMK325B7226MM-TR
Done
XML creating for Internal Part Number TMK325B7226MM-TR
Done
XML creating for Internal Part Number TMK325B7226MM-TR
Done
XML creating for Internal Part Number TMK325B7226MM-TR
Done
XML creating for Internal Part Number TMK325B7226MM-TR
Done
XML creating for Internal Part Number GRM32ER71K475ME14L
Done
XML creating for Internal Part Number GRM32ER71K475ME14L
Done
XML creating for Internal Part Number GRM32ER71K475ME14L
Done
XML creating for Internal Part Number CRCW251216K2FKEG
Done
XML creating for Internal Part Number CRCW251216K2FKEG
Done
XML creating for Internal Part Number CRCW251216K2FKEG
Done
XML creating for Internal Part Number CRCW251216K2FKEG
Done
XML creating for Internal Part Number CRCW25121M00FKEG
Done
XML creating for Internal Part Number 3314G-1-103E
Done
XML creating for Internal Part Number MMZ1608R102ATA00
Done
XML creating for Internal Part Number HI1812V101R-10
Done
XML creating for Internal Part Number HI1812V101R-10
Done
XML creating for Internal Part Number BRL3225T1R0M
Done
XML creating for Internal Part Number ETQ-P4M100YFN
Done
XML creating for Internal Part Number MSS1048-223MLC
Done
XML creating for Internal Part Number LQH32MN271K23L
Done
XML creating for Internal Part Number NL453232T-561J-PF
Done
XML creating for Internal Part Number UUD1H101MNL1GS
Done
XML creating for Internal Part Number PCJ1A121MCL1GS
Done
XML creating for Internal Part Number UCL1V221MCL6GS
Done
XML creating for Internal Part Number UCD1H220MCL1GS
Done
XML creating for Internal Part Number UCD1H220MCL1GS
Done
XML creating for Internal Part Number EEE-FK1E471P
Done
XML creating for Internal Part Number ASE-1.8432MHZ-LC-T
Done
XML creating for Internal Part Number ASFLMB-12.000MHZ-XY-T
Done
XML creating for Internal Part Number ABM7-20.000MHZ-D2Y-T
Done
XML creating for Internal Part Number MCP130T-475I/TT
Done
XML creating for Internal Part Number IREI-07-008-REV3
Done
XML creating for Internal Part Number SI2308BDS-T1-GE3
Done
XML creating for Internal Part Number SI2308BDS-T1-GE3
Done
XML creating for Internal Part Number SI2308BDS-T1-GE3
Done
XML creating for Internal Part Number PS2505L-1-F3-A
Done
XML creating for Internal Part Number PS2505L-1-F3-A
Done
XML creating for Internal Part Number FPF2700MPX
Done
XML creating for Internal Part Number LT3065EDD#TRPBF
Done
XML creating for Internal Part Number LT3065EDD#TRPBF
Done
XML creating for Internal Part Number SN65HVD3082EDGKR
Done
XML creating for Internal Part Number NTS4001NT1G
Done
XML creating for Internal Part Number NTS4001NT1G
Done
XML creating for Internal Part Number NTS4001NT1G
Done
XML creating for Internal Part Number NTS4001NT1G
Done
XML creating for Internal Part Number NTS4001NT1G
Done
XML creating for Internal Part Number NTS4001NT1G
Done
XML creating for Internal Part Number NTS4001NT1G
Done
XML creating for Internal Part Number NTS4001NT1G
Done
XML creating for Internal Part Number NTS4101PT1G
Done
XML creating for Internal Part Number TPS54240DGQ
Done
XML creating for Internal Part Number OPA564AIDWPR
Done
XML creating for Internal Part Number AP7331-33WG-7
Done
XML creating for Internal Part Number SC16IS741AIPWJ
Done
XML creating for Internal Part Number SC16IS741AIPWJ
Done
XML creating for Internal Part Number 74LVC1T45DCKR
Done
XML creating for Internal Part Number 74LVC1T45DCKR
Done
XML creating for Internal Part Number 74LVC1T45DCKR
Done
XML creating for Internal Part Number 74LVC1T45DCKR
Done
XML creating for Internal Part Number TPS7A6633QDGNRQ1
Done
XML creating for Internal Part Number TCA9406DCUR
Done
XML creating for Internal Part Number TCA9406DCUR
Done
XML creating for Internal Part Number IREI-07-009-NOREV
Done
XML creating for Internal Part Number TPD1E10B06
Done
XML creating for Internal Part Number TPD1E10B06
Done
XML creating for Internal Part Number TPD1E10B06
Done
XML creating for Internal Part Number TPD1E10B06
Done
XML creating for Internal Part Number TPD1E10B06
Done
XML creating for Internal Part Number TPD1E10B06
Done
XML creating for Internal Part Number MAX202IPW
Done
XML creating for Internal Part Number SM2400A-MQEQ-Y
Done
XML creating for Internal Part Number SMBJ13A-13-F
Done
XML creating for Internal Part Number SMBJ13A-13-F
Done
XML creating for Internal Part Number CDSOD323-T15C
Done
XML creating for Internal Part Number CDSOD323-T15C
Done
XML creating for Internal Part Number CDSOD323-T15C
Done
XML creating for Internal Part Number MBR0540-TP
Done
XML creating for Internal Part Number MBR0540-TP
Done
XML creating for Internal Part Number MBR0540-TP
Done
XML creating for Internal Part Number MBR0540-TP
Done
XML creating for Internal Part Number MBR0540-TP
Done
XML creating for Internal Part Number MBR0540-TP
Done
XML creating for Internal Part Number B250A-13-F
Done
XML creating for Internal Part Number BAT6804WH6327XTSA1
Done
XML creating for Internal Part Number SMBJ6.5CA
Done
XML creating for Internal Part Number TSM-106-01-T-SV-TR
Done
XML creating for Internal Part Number TSM-106-01-T-SV-TR
Done
XML creating for Internal Part Number SDA07H0SBR
Done
XML creating for Internal Part Number 95CW06D3GWT
Done
XML creating for Internal Part Number 95CW06D3GWT
Done
XML creating for Internal Part Number 95CW06D3GWT
Done
XML creating for Internal Part Number APHHS1005SURCK
Done
XML creating for Internal Part Number APHHS1005SURCK
Done
XML creating for Internal Part Number APHHS1005SURCK
Done
XML creating for Internal Part Number APHHS1005SURCK
Done
XML creating for Internal Part Number APHHS1005SURCK
Done
XML creating for Internal Part Number APHHS1005SURCK
Done
XML creating for Internal Part Number APHHS1005SURCK
Done
XML creating for Internal Part Number APHHS1005ZGC
Done
XML creating for Internal Part Number APHHS1005ZGC
Done
XML creating for Internal Part Number PHE840MB6100MB05R17
Done
XML creating for Internal Part Number PHE840MX6220MB06R17
Done
XML creating for Internal Part Number PHE840MX6220MB06R17
Done
XML creating for Internal Part Number PHE840MX6220MB06R17
Done
XML creating for Internal Part Number RCR875DNP-151K
Done
XML creating for Internal Part Number RCR875DNP-151K
Done
XML creating for Internal Part Number V150LA20CP
Done
XML creating for Internal Part Number V150LA20CP
Done
XML creating for Internal Part Number V150LA20CP
Done
XML creating for Internal Part Number V150LA20CP
Done
XML creating for Internal Part Number RAC10-15SC/277
Done
XML creating for Internal Part Number NTPAA100LDNB0
Done
XML creating for Internal Part Number NTPAA100LDNB0
Done
XML creating for Internal Part Number 750510476
Done
XML creating for Internal Part Number TSW-103-07-G-S
Done
XML creating for Internal Part Number TSW-103-07-G-S
Done
XML creating for Internal Part Number TSW-105-07-F-S
Done
XML creating for Internal Part Number 1755545
Done
XML creating for Internal Part Number 1757585
Done
XML creating for Internal Part Number 1757585
Done
XML creating for Internal Part Number 56000001009
Done
XML creating for Internal Part Number 5-534206-7
Done
XML creating for Internal Part Number 5-534206-7
Done
XML creating for Internal Part Number 640456-4
Done
XML creating for Internal Part Number 640456-4
Done
XML creating for Internal Part Number 640456-4
Done
XML creating for Internal Part Number 640456-4
Done
XML creating for Internal Part Number 1-640456-0
Done
XML creating for Internal Part Number 1-640456-0
Done
XML creating for Internal Part Number 1-640456-0
Done
XML creating for Internal Part Number G6D-1A-ASI-DC12
Done
XML creating for Internal Part Number G6D-1A-ASI-DC12
Done
XML creating for Internal Part Number G6D-1A-ASI-DC12
Done
XML creating for Internal Part Number G6D-1A-ASI-DC12
Done
XML creating for Internal Part Number G6D-1A-ASI-DC12
Done
XML creating for Internal Part Number G6D-1A-ASI-DC12
Done
XML creating for Internal Part Number G6D-1A-ASI-DC12
Done
XML creating for Internal Part Number G6D-1A-ASI-DC12
Done
XML creating for Internal Part Number G6D-1A-ASI-DC12
Done
XML creating for Internal Part Number G6D-1A-ASI-DC12
Done
XML creating for Internal Part Number G6D-1A-ASI-DC12
Done
XML creating for Internal Part Number G6D-1A-ASI-DC12
Done
XML creating for Internal Part Number G2R-24-AC120
Done
XML creating for Internal Part Number G2R-24-AC120
Done
XML creating for Internal Part Number G2R-24-AC120
Done
XML creating for Internal Part Number G2R-24-AC120
Done
XML creating for Internal Part Number 38214000430
Done
XML creating for Internal Part Number NMTC-S0802XRYHS-10
Done
XML creating for Internal Part Number NMTC-S0802XRYHS-10
Done
XML creating for Internal Part Number GP2-56X5/16KUXXXXX
Done
XML creating for Internal Part Number GP2-56X5/16KUXXXXX
Done
XML creating for Internal Part Number 2057-256-AL-7
Done
XML creating for Internal Part Number 2057-256-AL-7
Done
XML creating for Internal Part Number TSW-107-14-L-D
Done
XML creating for Internal Part Number AKSNT/Z-BLACK
Done
XML creating for Internal Part Number AKSNT/Z-BLACK
Done
XML creating for Internal Part Number AKSNT/Z-BLACK
Done
XML creating for Internal Part Number LW2KUXXXXX
Done
XML creating for Internal Part Number LW2KUXXXXX
Done
XML creating for Internal Part Number LW2KUXXXXX
Done
XML creating for Internal Part Number LW2KUXXXXX
Done
XML creating for Internal Part Number LW2KUXXXXX
Done
XML creating for Internal Part Number WSP2KUXXXXX
Done
XML creating for Internal Part Number WSP2KUXXXXX
Done
XML creating for Internal Part Number WSP2KUXXXXX
Done
XML creating for Internal Part Number WSP2KUXXXXX
Done
XML creating for Internal Part Number WSP2KUXXXXX
Done
XML creating for Assembly 117167-REV3-REI Revision 3_1
XML creating for Internal Part Number LW2KUXXXXX
Done
XML creating for Internal Part Number LW2KUXXXXX
Done
XML creating for Internal Part Number LW2KUXXXXX
Done
XML creating for Assembly 999999-REV3-REI Revision 3_2
XML creating for Internal Part Number GP2-56X5/16KUXXXXX
Done
XML creating for Internal Part Number GP2-56X5/16KUXXXXX
Done
XML creating for Internal Part Number 2057-256-AL-7
Done
XML creating for Internal Part Number 2057-256-AL-7
Done
Part XML creating for Assembly 117167-REV3-REI Revision 3_2
Part XML creating for Assembly 117167-REV3-REI Revision 3_1
Part XML creating for Assembly 999999-REV3-REI Revision 3_2
Conversion Completed
