Processing line 0
Processing line 1
Processing line 2
Processing line 3
Processing line 4
Processing line 5
Processing line 6
Processing line 7
Processing line 8
Processing line 9
Processing line 10
Processing line 11
Processing line 12
Processing line 13
Processing line 14
Processing line 15
Processing line 16
Processing line 17
Processing line 18
Processing line 19
Processing line 20
Processing line 21
Processing line 22
Processing line 23
Processing line 24
Processing line 25
Processing line 26
Processing line 27
Processing line 28
Processing line 29
Processing line 30
Processing line 31
Processing line 32
Processing line 33
Processing line 34
Processing line 35
Processing line 36
Processing line 37
Processing line 38
Processing line 39
Processing line 40
Processing line 41
Processing line 42
Processing line 43
Processing line 44
Processing line 45
Processing line 46
Processing line 47
Processing line 48
Processing line 49
Processing line 50
Processing line 51
Processing line 52
Processing line 53
Processing line 54
Processing line 55
Processing line 56
Processing line 57
Processing line 58
Processing line 59
Processing line 60
Processing line 61
Processing line 62
Processing line 63
Processing line 64
Processing line 65
Processing line 66
Processing line 67
Processing line 68
Processing line 69
Processing line 70
Processing line 71
Processing line 72
Processing line 73
Processing line 74
Processing line 75
Processing line 76
Processing line 77
Processing line 78
Processing line 79
Processing line 80
Processing line 81
Processing line 82
Processing line 83
Processing line 84
Processing line 85
Processing line 86
Processing line 87
Processing line 88
Processing line 89
Processing line 90
Processing line 91
Processing line 92
Processing line 93
Processing line 94
Processing line 95
Processing line 96
Processing line 97
Processing line 98
Processing line 99
Processing line 100
Processing line 101
Processing line 102
Processing line 103
Processing line 104
Processing line 105
Processing line 106
Processing line 107
Processing line 108
Processing line 109
Processing line 110
Processing line 111
Processing line 112
Processing line 113
Processing line 114
Processing line 115
Processing line 116
Processing line 117
Processing line 118
Processing line 119
Processing line 120
Processing line 121
Processing line 122
Processing line 123
Processing line 124
Processing line 125
Processing line 126
Processing line 127
Processing line 128
Processing line 129
Processing line 130
Processing line 131
Processing line 132
Processing line 133
Processing line 134
Processing line 135
Processing line 136
Processing line 137
Processing line 138
Processing line 139
Processing line 140
Processing line 141
Processing line 142
Processing line 143
Processing line 144
Processing line 145
Processing line 146
Processing line 147
Processing line 148
Processing line 149
Processing line 150
Part XML creating for Assembly 019-100-NOREV-REI Revision -_1
Part XML creating for Assembly 088-000-013-REVC-AMF Revision C_7
Part XML creating for Assembly 088-003-011CE-REVA-AMF Revision A_1
Conversion Completed
